2022-02-09 01:55:06.742  INFO 18676 --- [main] c.c.a.AccountManagementSystemApplication : Starting AccountManagementSystemApplication using Java 1.8.0_311 on STANs-MSI with PID 18676 (C:\Users\STANs_MSI\Documents\GitHub\NoRepoFolderCapstoneProj\account_management_system\target\classes started by STANs_MSI in C:\Users\STANs_MSI\Documents\GitHub\NoRepoFolderCapstoneProj\account_management_system)
2022-02-09 01:55:06.745 DEBUG 18676 --- [main] c.c.a.AccountManagementSystemApplication : Running with Spring Boot v2.6.3, Spring v5.3.15
2022-02-09 01:55:06.745  INFO 18676 --- [main] c.c.a.AccountManagementSystemApplication : No active profile set, falling back to default profiles: default
2022-02-09 01:55:07.549  INFO 18676 --- [main] .s.d.r.c.RepositoryConfigurationDelegate : Bootstrapping Spring Data JPA repositories in DEFAULT mode.
2022-02-09 01:55:07.672  INFO 18676 --- [main] .s.d.r.c.RepositoryConfigurationDelegate : Finished Spring Data repository scanning in 101 ms. Found 13 JPA repository interfaces.
2022-02-09 01:55:08.815  INFO 18676 --- [main] o.s.b.w.embedded.tomcat.TomcatWebServer  : Tomcat initialized with port(s): 8080 (http)
2022-02-09 01:55:08.834  INFO 18676 --- [main] o.apache.catalina.core.StandardService   : Starting service [Tomcat]
2022-02-09 01:55:08.834  INFO 18676 --- [main] org.apache.catalina.core.StandardEngine  : Starting Servlet engine: [Apache Tomcat/9.0.56]
2022-02-09 01:55:09.733  INFO 18676 --- [main] o.a.c.c.C.[Tomcat].[localhost].[/]       : Initializing Spring embedded WebApplicationContext
2022-02-09 01:55:09.733  INFO 18676 --- [main] w.s.c.ServletWebServerApplicationContext : Root WebApplicationContext: initialization completed in 2931 ms
2022-02-09 01:55:10.124  INFO 18676 --- [main] o.hibernate.jpa.internal.util.LogHelper  : HHH000204: Processing PersistenceUnitInfo [name: default]
2022-02-09 01:55:10.195  INFO 18676 --- [main] org.hibernate.Version                    : HHH000412: Hibernate ORM core version 5.6.4.Final
2022-02-09 01:55:10.495  INFO 18676 --- [main] o.hibernate.annotations.common.Version   : HCANN000001: Hibernate Commons Annotations {5.1.2.Final}
2022-02-09 01:55:10.645  INFO 18676 --- [main] com.zaxxer.hikari.HikariDataSource       : HikariPool-1 - Starting...
2022-02-09 01:55:10.941  INFO 18676 --- [main] com.zaxxer.hikari.HikariDataSource       : HikariPool-1 - Start completed.
2022-02-09 01:55:10.982  INFO 18676 --- [main] org.hibernate.dialect.Dialect            : HHH000400: Using dialect: org.hibernate.dialect.MySQL8Dialect
2022-02-09 01:55:12.168  INFO 18676 --- [main] o.h.e.t.j.p.i.JtaPlatformInitiator       : HHH000490: Using JtaPlatform implementation: [org.hibernate.engine.transaction.jta.platform.internal.NoJtaPlatform]
2022-02-09 01:55:12.180  INFO 18676 --- [main] j.LocalContainerEntityManagerFactoryBean : Initialized JPA EntityManagerFactory for persistence unit 'default'
2022-02-09 01:55:13.300  WARN 18676 --- [main] JpaBaseConfiguration$JpaWebConfiguration : spring.jpa.open-in-view is enabled by default. Therefore, database queries may be performed during view rendering. Explicitly configure spring.jpa.open-in-view to disable this warning
2022-02-09 01:55:14.123  INFO 18676 --- [main] o.s.b.w.embedded.tomcat.TomcatWebServer  : Tomcat started on port(s): 8080 (http) with context path ''
2022-02-09 01:55:14.134  INFO 18676 --- [main] c.c.a.AccountManagementSystemApplication : Started AccountManagementSystemApplication in 7.964 seconds (JVM running for 8.548)
2022-02-09 01:55:57.131  INFO 18676 --- [http-nio-8080-exec-2] o.a.c.c.C.[Tomcat].[localhost].[/]       : Initializing Spring DispatcherServlet 'dispatcherServlet'
2022-02-09 01:55:57.133  INFO 18676 --- [http-nio-8080-exec-2] o.s.web.servlet.DispatcherServlet        : Initializing Servlet 'dispatcherServlet'
2022-02-09 01:55:57.141  INFO 18676 --- [http-nio-8080-exec-2] o.s.web.servlet.DispatcherServlet        : Completed initialization in 7 ms
2022-02-09 01:55:57.652 DEBUG 18676 --- [http-nio-8080-exec-2] c.c.a.controller.AdminController         : Logger debug
2022-02-09 01:55:57.653  INFO 18676 --- [http-nio-8080-exec-2] c.c.a.controller.AdminController         : Logger info
2022-02-09 01:55:57.654  WARN 18676 --- [http-nio-8080-exec-2] c.c.a.controller.AdminController         : Logger warn
2022-02-09 01:55:57.654 ERROR 18676 --- [http-nio-8080-exec-2] c.c.a.controller.AdminController         : logger error
2022-02-09 01:57:25.987  INFO 592 --- [main] c.c.a.AccountManagementSystemApplication : Starting AccountManagementSystemApplication using Java 1.8.0_311 on STANs-MSI with PID 592 (C:\Users\STANs_MSI\Documents\GitHub\NoRepoFolderCapstoneProj\account_management_system\target\classes started by STANs_MSI in C:\Users\STANs_MSI\Documents\GitHub\NoRepoFolderCapstoneProj\account_management_system)
2022-02-09 01:57:25.990 DEBUG 592 --- [main] c.c.a.AccountManagementSystemApplication : Running with Spring Boot v2.6.3, Spring v5.3.15
2022-02-09 01:57:25.990  INFO 592 --- [main] c.c.a.AccountManagementSystemApplication : No active profile set, falling back to default profiles: default
2022-02-09 01:57:26.842  INFO 592 --- [main] .s.d.r.c.RepositoryConfigurationDelegate : Bootstrapping Spring Data JPA repositories in DEFAULT mode.
2022-02-09 01:57:26.952  INFO 592 --- [main] .s.d.r.c.RepositoryConfigurationDelegate : Finished Spring Data repository scanning in 98 ms. Found 13 JPA repository interfaces.
2022-02-09 01:57:27.929  INFO 592 --- [main] o.s.b.w.embedded.tomcat.TomcatWebServer  : Tomcat initialized with port(s): 8080 (http)
2022-02-09 01:57:27.946  INFO 592 --- [main] o.apache.catalina.core.StandardService   : Starting service [Tomcat]
2022-02-09 01:57:27.947  INFO 592 --- [main] org.apache.catalina.core.StandardEngine  : Starting Servlet engine: [Apache Tomcat/9.0.56]
2022-02-09 01:57:28.082  INFO 592 --- [main] o.a.c.c.C.[Tomcat].[localhost].[/]       : Initializing Spring embedded WebApplicationContext
2022-02-09 01:57:28.083  INFO 592 --- [main] w.s.c.ServletWebServerApplicationContext : Root WebApplicationContext: initialization completed in 2032 ms
2022-02-09 01:57:28.387  INFO 592 --- [main] o.hibernate.jpa.internal.util.LogHelper  : HHH000204: Processing PersistenceUnitInfo [name: default]
2022-02-09 01:57:28.471  INFO 592 --- [main] org.hibernate.Version                    : HHH000412: Hibernate ORM core version 5.6.4.Final
2022-02-09 01:57:28.737  INFO 592 --- [main] o.hibernate.annotations.common.Version   : HCANN000001: Hibernate Commons Annotations {5.1.2.Final}
2022-02-09 01:57:28.872  INFO 592 --- [main] com.zaxxer.hikari.HikariDataSource       : HikariPool-1 - Starting...
2022-02-09 01:57:29.098  INFO 592 --- [main] com.zaxxer.hikari.HikariDataSource       : HikariPool-1 - Start completed.
2022-02-09 01:57:29.136  INFO 592 --- [main] org.hibernate.dialect.Dialect            : HHH000400: Using dialect: org.hibernate.dialect.MySQL8Dialect
2022-02-09 01:57:30.211  INFO 592 --- [main] o.h.e.t.j.p.i.JtaPlatformInitiator       : HHH000490: Using JtaPlatform implementation: [org.hibernate.engine.transaction.jta.platform.internal.NoJtaPlatform]
2022-02-09 01:57:30.222  INFO 592 --- [main] j.LocalContainerEntityManagerFactoryBean : Initialized JPA EntityManagerFactory for persistence unit 'default'
2022-02-09 01:57:31.165  WARN 592 --- [main] JpaBaseConfiguration$JpaWebConfiguration : spring.jpa.open-in-view is enabled by default. Therefore, database queries may be performed during view rendering. Explicitly configure spring.jpa.open-in-view to disable this warning
2022-02-09 01:57:31.780  INFO 592 --- [main] o.s.b.w.embedded.tomcat.TomcatWebServer  : Tomcat started on port(s): 8080 (http) with context path ''
2022-02-09 01:57:31.791  INFO 592 --- [main] c.c.a.AccountManagementSystemApplication : Started AccountManagementSystemApplication in 6.434 seconds (JVM running for 7.043)
2022-02-09 01:57:39.921  INFO 592 --- [http-nio-8080-exec-2] o.a.c.c.C.[Tomcat].[localhost].[/]       : Initializing Spring DispatcherServlet 'dispatcherServlet'
2022-02-09 01:57:39.924  INFO 592 --- [http-nio-8080-exec-2] o.s.web.servlet.DispatcherServlet        : Initializing Servlet 'dispatcherServlet'
2022-02-09 01:57:39.927  INFO 592 --- [http-nio-8080-exec-2] o.s.web.servlet.DispatcherServlet        : Completed initialization in 2 ms
2022-02-09 01:57:40.334 DEBUG 592 --- [http-nio-8080-exec-2] c.c.a.controller.AdminController         : Logger debug
